[debug] > Exec(early(addDefaultCommands), None, None)
[debug] > Exec(addDefaultCommands, None, None)
[debug] > Exec(early(initialize), None, None)
[debug] > Exec(initialize, None, None)
[debug] > Exec(boot, None, None)
[debug] > Exec(writeSbtVersion, None, None)
[debug] > Exec(reload, None, None)
[debug] > Exec(sbtStashOnFailure, None, None)
[debug] > Exec(onFailure loadFailed, None, None)
[debug] > Exec(loadp, None, None)
[info] welcome to sbt 1.8.3 (Oracle Corporation Java 20.0.1)
[debug]       Load.loadUnit: plugins took 437.0309ms
[debug]       Load.loadUnit: defsScala took 1.5516ms
[debug] [Loading] Scanning directory C:\Users\user\.sbt\1.0\plugins
[debug] [Loading] Found non-root projects 
[debug] [Loading] Done in C:\Users\user\.sbt\1.0\plugins, returning: ()
[debug] deducing auto plugins based on known facts Set(Atom(sbt.plugins.CorePlugin)) and clauses Clauses(Clause(Atom(sbt.plugins.JvmPlugin),Set(Atom(sbt.plugins.IvyPlugin)))
[debug] Clause(Atom(sbt.ScriptedPlugin),Set(Atom(sbt.plugins.JvmPlugin)))
[debug] Clause(Atom(sbt.plugins.SbtPlugin),Set(Atom(sbt.ScriptedPlugin)))
[debug] Clause(Atom(sbt.plugins.SemanticdbPlugin),Set(Atom(sbt.plugins.JvmPlugin)))
[debug] Clause(Atom(sbt.plugins.JUnitXmlReportPlugin),Set(Atom(sbt.plugins.JvmPlugin)))
[debug] Clause(Atom(sbt.plugins.MiniDependencyTreePlugin),Set(Atom(sbt.plugins.JvmPlugin)))
[debug] Clause(Atom(sbt.plugins.CorePlugin),Set(Atom(sbt.plugins.IvyPlugin)))
[debug] Clause(Atom(sbt.plugins.IvyPlugin),Set(Atom(sbt.plugins.JvmPlugin)))
[debug] Clause(Atom(sbt.plugins.JvmPlugin),Set(Atom(sbt.plugins.SemanticdbPlugin)))
[debug] Clause(Atom(sbt.plugins.JvmPlugin),Set(Atom(sbt.plugins.JUnitXmlReportPlugin)))
[debug] Clause(Atom(sbt.plugins.CorePlugin),Set(Atom(sbt.plugins.Giter8TemplatePlugin)))
[debug] Clause(Atom(sbt.plugins.JvmPlugin),Set(Atom(sbt.plugins.MiniDependencyTreePlugin))))
[debug]   :: deduced result: Matched(sbt.plugins.CorePlugin,sbt.plugins.Giter8TemplatePlugin,sbt.plugins.IvyPlugin,sbt.plugins.JvmPlugin,sbt.plugins.MiniDependencyTreePlugin,sbt.plugins.JUnitXmlReportPlugin,sbt.plugins.SemanticdbPlugin)
[debug] Plugins.deducer#function took 102.5918 ms
[debug]           Load.resolveProject(global-plugins) took 174.4543ms
[debug]         Load.loadTransitive: finalizeProject(Project(id global-plugins, base: C:\Users\user\.sbt\1.0\plugins, plugins: List(<none>))) took 350.0ms
[debug] [Loading] Done in C:\Users\user\.sbt\1.0\plugins, returning: (global-plugins)
[debug]       Load.loadUnit: loadedProjectsRaw took 437.4953ms
[debug]       Load.loadUnit: cleanEvalClasses took 0.6772ms
[debug]     Load.loadUnit(file:/C:/Users/user/.sbt/1.0/plugins/, ...) took 954.5155ms
[debug]   Load.apply: load took 1512.8288ms
[debug]   Load.apply: resolveProjects took 14.0475ms
[debug]   Load.apply: finalTransforms took 171.536ms
[debug]   Load.apply: config.delegates took 16.0327ms
[debug]   Load.apply: Def.make(settings)... took 1061.5079ms
[debug]   Load.apply: structureIndex took 236.7749ms
[debug]   Load.apply: mkStreams took 3.51ms
[info] loading global plugins from C:\Users\user\.sbt\1.0\plugins
[debug] Running task... Cancel: Signal, check cycles: false, forcegc: true
[debug] Load.defaultLoad until apply took 6208.1983ms
[debug]           Load.loadUnit: plugins took 79.1923ms
[debug]           Load.loadUnit: defsScala took 0.0096ms
[debug] [Loading] Scanning directory C:\Users\user\Desktop\JavaScript\Tutorial 6\project
[debug] [Loading] Found non-root projects 
[debug] [Loading] Done in C:\Users\user\Desktop\JavaScript\Tutorial 6\project, returning: ()
[debug] deducing auto plugins based on known facts Set(Atom(sbt.plugins.CorePlugin)) and clauses Clauses(Clause(Atom(sbt.plugins.JvmPlugin),Set(Atom(sbt.plugins.IvyPlugin)))
[debug] Clause(Atom(sbt.ScriptedPlugin),Set(Atom(sbt.plugins.JvmPlugin)))
[debug] Clause(Atom(sbt.plugins.SbtPlugin),Set(Atom(sbt.ScriptedPlugin)))
[debug] Clause(Atom(sbt.plugins.SemanticdbPlugin),Set(Atom(sbt.plugins.JvmPlugin)))
[debug] Clause(Atom(sbt.plugins.JUnitXmlReportPlugin),Set(Atom(sbt.plugins.JvmPlugin)))
[debug] Clause(Atom(sbt.plugins.MiniDependencyTreePlugin),Set(Atom(sbt.plugins.JvmPlugin)))
[debug] Clause(Atom(sbt.plugins.CorePlugin),Set(Atom(sbt.plugins.IvyPlugin)))
[debug] Clause(Atom(sbt.plugins.IvyPlugin),Set(Atom(sbt.plugins.JvmPlugin)))
[debug] Clause(Atom(sbt.plugins.JvmPlugin),Set(Atom(sbt.plugins.SemanticdbPlugin)))
[debug] Clause(Atom(sbt.plugins.JvmPlugin),Set(Atom(sbt.plugins.JUnitXmlReportPlugin)))
[debug] Clause(Atom(sbt.plugins.CorePlugin),Set(Atom(sbt.plugins.Giter8TemplatePlugin)))
[debug] Clause(Atom(sbt.plugins.JvmPlugin),Set(Atom(sbt.plugins.MiniDependencyTreePlugin))))
[debug]   :: deduced result: Matched(sbt.plugins.CorePlugin,sbt.plugins.Giter8TemplatePlugin,sbt.plugins.IvyPlugin,sbt.plugins.JvmPlugin,sbt.plugins.MiniDependencyTreePlugin,sbt.plugins.JUnitXmlReportPlugin,sbt.plugins.SemanticdbPlugin)
[debug] Plugins.deducer#function took 6.4404 ms
[debug]               Load.resolveProject(tutorial-6-build) took 2.5604ms
[debug]             Load.loadTransitive: finalizeProject(Project(id tutorial-6-build, base: C:\Users\user\Desktop\JavaScript\Tutorial 6\project, plugins: List(<none>))) took 11.4613ms
[debug] [Loading] Done in C:\Users\user\Desktop\JavaScript\Tutorial 6\project, returning: (tutorial-6-build)
[debug]           Load.loadUnit: loadedProjectsRaw took 44.8632ms
[debug]           Load.loadUnit: cleanEvalClasses took 0.026ms
[debug]         Load.loadUnit(file:/C:/Users/user/Desktop/JavaScript/Tutorial%206/project/, ...) took 126.2056ms
[debug]       Load.apply: load took 129.4995ms
[debug]       Load.apply: resolveProjects took 0.2371ms
[debug]       Load.apply: finalTransforms took 22.4801ms
[debug]       Load.apply: config.delegates took 0.9473ms
[debug]       Load.apply: Def.make(settings)... took 168.5936ms
[debug]       Load.apply: structureIndex took 64.5299ms
[debug]       Load.apply: mkStreams took 0.0032ms
[info] loading project definition from C:\Users\user\Desktop\JavaScript\Tutorial 6\project
[debug] Running task... Cancel: Signal, check cycles: false, forcegc: true
[debug]     Load.loadUnit: plugins took 949.4836ms
[debug]     Load.loadUnit: defsScala took 0.005ms
[debug] [Loading] Scanning directory C:\Users\user\Desktop\JavaScript\Tutorial 6
[debug]       Load.loadUnit: mkEval took 7.0079ms
[debug] [Loading] Found root project root w/ remaining 
[debug] deducing auto plugins based on known facts Set(Atom(sbt.plugins.CorePlugin)) and clauses Clauses(Clause(Atom(sbt.plugins.JvmPlugin),Set(Atom(sbt.plugins.IvyPlugin)))
[debug] Clause(Atom(sbt.ScriptedPlugin),Set(Atom(sbt.plugins.JvmPlugin)))
[debug] Clause(Atom(sbt.plugins.SbtPlugin),Set(Atom(sbt.ScriptedPlugin)))
[debug] Clause(Atom(sbt.plugins.SemanticdbPlugin),Set(Atom(sbt.plugins.JvmPlugin)))
[debug] Clause(Atom(sbt.plugins.JUnitXmlReportPlugin),Set(Atom(sbt.plugins.JvmPlugin)))
[debug] Clause(Atom(sbt.plugins.MiniDependencyTreePlugin),Set(Atom(sbt.plugins.JvmPlugin)))
[debug] Clause(Atom(sbt.plugins.CorePlugin),Set(Atom(sbt.plugins.IvyPlugin)))
[debug] Clause(Atom(sbt.plugins.IvyPlugin),Set(Atom(sbt.plugins.JvmPlugin)))
[debug] Clause(Atom(sbt.plugins.JvmPlugin),Set(Atom(sbt.plugins.SemanticdbPlugin)))
[debug] Clause(Atom(sbt.plugins.JvmPlugin),Set(Atom(sbt.plugins.JUnitXmlReportPlugin)))
[debug] Clause(Atom(sbt.plugins.CorePlugin),Set(Atom(sbt.plugins.Giter8TemplatePlugin)))
[debug] Clause(Atom(sbt.plugins.JvmPlugin),Set(Atom(sbt.plugins.MiniDependencyTreePlugin))))
[debug]   :: deduced result: Matched(sbt.plugins.CorePlugin,sbt.plugins.Giter8TemplatePlugin,sbt.plugins.IvyPlugin,sbt.plugins.JvmPlugin,sbt.plugins.MiniDependencyTreePlugin,sbt.plugins.JUnitXmlReportPlugin,sbt.plugins.SemanticdbPlugin)
[debug] Plugins.deducer#function took 3.0849 ms
[info] loading settings for project root from build.sbt ...
[debug]         Load.resolveProject(root) took 4.7984ms
[debug]       Load.loadTransitive: finalizeProject(Project(id root, base: C:\Users\user\Desktop\JavaScript\Tutorial 6, plugins: List(<none>))) took 10.0309ms
[debug] [Loading] Done in C:\Users\user\Desktop\JavaScript\Tutorial 6, returning: (root)
[debug]     Load.loadUnit: loadedProjectsRaw took 337.6861ms
[debug]     Load.loadUnit: cleanEvalClasses took 25.2121ms
[debug]   Load.loadUnit(file:/C:/Users/user/Desktop/JavaScript/Tutorial%206/, ...) took 1314.0173ms
[debug] Load.apply: load took 1317.9766ms
[debug] Load.apply: resolveProjects took 0.2996ms
[debug] Load.apply: finalTransforms took 23.9635ms
[debug] Load.apply: config.delegates took 0.6036ms
[debug] Load.apply: Def.make(settings)... took 131.7889ms
[debug] Load.apply: structureIndex took 62.4902ms
[debug] Load.apply: mkStreams took 0.0035ms
[info] set current project to Tutorial 6 (in build file:/C:/Users/user/Desktop/JavaScript/Tutorial%206/)
[debug] > Exec(sbtPopOnFailure, None, None)
[debug] > Exec(resumeFromFailure, None, None)
[debug] > Exec(notifyUsersAboutShell, None, None)
[debug] > Exec(iflast shell, None, None)
[debug] > Exec(shell, None, None)
[info] sbt server started at local:sbt-server-bac9fef4e9989c9a8e59
[debug] Writing bsp connection file
[info] started sbt server
